<?xml version="1.0" encoding="UTF-8"?>
<!-- Generated by org.testng.reporters.JUnitReportReporter -->
<testsuite hostname="DESKTOP-6891DEK" failures="0" tests="2" name="pravinParab.frameWorks.frameWork4_DependencyAttribute" time="26.296" errors="0" timestamp="02 Jan 2023 11:08:34 GMT" skipped="0">
  <testcase classname="pravinParab.frameWorks.frameWork4_DependencyAttribute" name="submitOrder" time="21.855"/>
  <testcase classname="pravinParab.frameWorks.frameWork4_DependencyAttribute" name="OrderHistoryTest" time="4.441"/>
</testsuite> <!-- pravinParab.frameWorks.frameWork4_DependencyAttribute -->
