<?xml version="1.0" encoding="UTF-8"?>
<!-- Generated by org.testng.reporters.JUnitReportReporter -->
<testsuite hostname="DESKTOP-6891DEK" failures="0" tests="4" name="pravinParab.frameWorks.frameWork4_HashMap" time="50.710" errors="0" timestamp="01 Mar 2023 12:52:23 GMT" skipped="0">
  <testcase classname="pravinParab.frameWorks.frameWork4_HashMap" name="OrderHistoryTest" time="4.486"/>
  <testcase classname="pravinParab.frameWorks.frameWork4_HashMap" name="submitOrder" time="19.859"/>
  <testcase classname="pravinParab.frameWorks.frameWork4_HashMap" name="OrderHistoryTest" time="5.179"/>
  <testcase classname="pravinParab.frameWorks.frameWork4_HashMap" name="submitOrder" time="21.186"/>
</testsuite> <!-- pravinParab.frameWorks.frameWork4_HashMap -->
