<?xml version="1.0" encoding="UTF-8"?>
<!-- Generated by org.testng.reporters.JUnitReportReporter -->
<testsuite hostname="DESKTOP-6891DEK" failures="0" tests="2" name="pravinParab.frameWorks.frameWork3_DependencyAttribute" time="14.881" errors="0" timestamp="01 Mar 2023 12:47:34 GMT" skipped="0">
  <testcase classname="pravinParab.frameWorks.frameWork3_DependencyAttribute" name="submitOrder" time="8.654"/>
  <testcase classname="pravinParab.frameWorks.frameWork3_DependencyAttribute" name="OrderHistoryTest" time="6.227"/>
</testsuite> <!-- pravinParab.frameWorks.frameWork3_DependencyAttribute -->
