<?xml version="1.0" encoding="UTF-8"?>
<!-- Generated by org.testng.reporters.JUnitReportReporter -->
<testsuite hostname="DESKTOP-6891DEK" failures="0" tests="2" name="pravinParab.frameWorks.frameWork3_ErrorValidation" time="23.277" errors="0" timestamp="01 Mar 2023 12:50:05 GMT" skipped="0">
  <testcase classname="pravinParab.frameWorks.frameWork3_ErrorValidation" name="LogInErrorValidation" time="5.573"/>
  <testcase classname="pravinParab.frameWorks.frameWork3_ErrorValidation" name="ProductErrorValidation" time="17.704"/>
</testsuite> <!-- pravinParab.frameWorks.frameWork3_ErrorValidation -->
