<?xml version="1.0" encoding="UTF-8"?>
<!-- Generated by org.testng.reporters.JUnitReportReporter -->
<testsuite hostname="DESKTOP-6891DEK" failures="0" tests="2" name="cucumber.TestNGTestRunner" time="38.294" errors="0" timestamp="05 Jan 2023 06:47:49 GMT" skipped="0">
  <testcase classname="cucumber.TestNGTestRunner" name="runScenario" time="34.376"/>
  <testcase classname="cucumber.TestNGTestRunner" name="runScenario" time="3.918"/>
</testsuite> <!-- cucumber.TestNGTestRunner -->
