<?xml version="1.0" encoding="UTF-8"?>
<!-- Generated by org.testng.reporters.JUnitReportReporter -->
<testsuite hostname="DESKTOP-6891DEK" failures="0" tests="4" name="pravinParab.frameWorks.frameWork4_jsonFile" time="36.671" errors="0" timestamp="03 Jan 2023 11:41:20 GMT" skipped="0">
  <testcase classname="pravinParab.frameWorks.frameWork4_jsonFile" name="submitOrder" time="20.041"/>
  <testcase classname="pravinParab.frameWorks.frameWork4_jsonFile" name="submitOrder" time="8.260"/>
  <testcase classname="pravinParab.frameWorks.frameWork4_jsonFile" name="OrderHistoryTest" time="4.144"/>
  <testcase classname="pravinParab.frameWorks.frameWork4_jsonFile" name="OrderHistoryTest" time="4.226"/>
</testsuite> <!-- pravinParab.frameWorks.frameWork4_jsonFile -->
