<?xml version="1.0" encoding="UTF-8"?>
<!-- Generated by org.testng.reporters.JUnitReportReporter -->
<testsuite hostname="DESKTOP-6891DEK" failures="0" tests="1" name="cucumber.TestNGTestRunnerWithTags" time="18.688" errors="0" timestamp="05 Jan 2023 06:54:05 GMT" skipped="0">
  <testcase classname="cucumber.TestNGTestRunnerWithTags" name="runScenario" time="18.688"/>
</testsuite> <!-- cucumber.TestNGTestRunnerWithTags -->
