<?xml version="1.0" encoding="UTF-8"?>
<!-- Generated by org.testng.reporters.JUnitReportReporter -->
<testsuite hostname="DESKTOP-6891DEK" failures="0" tests="4" name="pravinParab.frameWorks.frameWork7_cucumberSubmitOrder" time="82.339" errors="0" timestamp="05 Jan 2023 13:00:34 GMT" skipped="0">
  <testcase classname="pravinParab.frameWorks.frameWork7_cucumberSubmitOrder" name="submitOrder" time="21.442"/>
  <testcase classname="pravinParab.frameWorks.frameWork7_cucumberSubmitOrder" name="OrderHistoryTest" time="21.139"/>
  <testcase classname="pravinParab.frameWorks.frameWork7_cucumberSubmitOrder" name="submitOrder" time="19.581"/>
  <testcase classname="pravinParab.frameWorks.frameWork7_cucumberSubmitOrder" name="OrderHistoryTest" time="20.177"/>
</testsuite> <!-- pravinParab.frameWorks.frameWork7_cucumberSubmitOrder -->
