<?xml version="1.0" encoding="UTF-8"?>
<!-- Generated by org.testng.reporters.JUnitReportReporter -->
<testsuite hostname="DESKTOP-6891DEK" failures="0" tests="4" name="pravinParab.frameWorks.frameWork4_takeScreenShot" time="63.121" errors="0" timestamp="03 Jan 2023 11:41:20 GMT" skipped="0">
  <testcase classname="pravinParab.frameWorks.frameWork4_takeScreenShot" name="submitOrder" time="35.797"/>
  <testcase classname="pravinParab.frameWorks.frameWork4_takeScreenShot" name="OrderHistoryTest" time="4.253"/>
  <testcase classname="pravinParab.frameWorks.frameWork4_takeScreenShot" name="OrderHistoryTest" time="4.211"/>
  <testcase classname="pravinParab.frameWorks.frameWork4_takeScreenShot" name="submitOrder" time="18.860"/>
</testsuite> <!-- pravinParab.frameWorks.frameWork4_takeScreenShot -->
