<?xml version="1.0" encoding="UTF-8"?>
<!-- Generated by org.testng.reporters.JUnitReportReporter -->
<testsuite hostname="DESKTOP-6891DEK" failures="0" tests="4" name="pravinParab.frameWorks.frameWork4_DataProvider" time="100.377" errors="0" timestamp="03 Jan 2023 11:41:20 GMT" skipped="0">
  <testcase classname="pravinParab.frameWorks.frameWork4_DataProvider" name="submitOrder" time="24.418"/>
  <testcase classname="pravinParab.frameWorks.frameWork4_DataProvider" name="submitOrder" time="34.857"/>
  <testcase classname="pravinParab.frameWorks.frameWork4_DataProvider" name="OrderHistoryTest" time="20.815"/>
  <testcase classname="pravinParab.frameWorks.frameWork4_DataProvider" name="OrderHistoryTest" time="20.287"/>
</testsuite> <!-- pravinParab.frameWorks.frameWork4_DataProvider -->
