<?xml version="1.0" encoding="UTF-8"?>
<!-- Generated by org.testng.reporters.JUnitReportReporter -->
<testsuite hostname="DESKTOP-6891DEK" failures="0" tests="1" name="pravinParab.frameWorks.frameWork2_POM" time="22.944" errors="0" timestamp="01 Mar 2023 12:45:51 GMT" skipped="0">
  <testcase classname="pravinParab.frameWorks.frameWork2_POM" name="submitOrder" time="22.944"/>
</testsuite> <!-- pravinParab.frameWorks.frameWork2_POM -->
