<?xml version="1.0" encoding="UTF-8"?>
<!-- Generated by org.testng.reporters.JUnitReportReporter -->
<testsuite hostname="DESKTOP-6891DEK" failures="0" tests="1" name="pravinParab.frameWorks.frameWork2_POM" time="19.192" errors="0" timestamp="04 Jan 2023 11:29:06 GMT" skipped="0">
  <testcase classname="pravinParab.frameWorks.frameWork2_POM" name="submitOrder" time="19.192"/>
</testsuite> <!-- pravinParab.frameWorks.frameWork2_POM -->
