<?xml version="1.0" encoding="UTF-8"?>
<!-- Generated by org.testng.reporters.JUnitReportReporter -->
<testsuite hostname="DESKTOP-6891DEK" failures="0" tests="2" name="cucumber.TestNGTestRunner" time="39.266" errors="0" timestamp="05 Jan 2023 07:20:38 GMT" skipped="0">
  <testcase classname="cucumber.TestNGTestRunner" name="runScenario" time="20.651"/>
  <testcase classname="cucumber.TestNGTestRunner" name="runScenario" time="18.615"/>
</testsuite> <!-- cucumber.TestNGTestRunner -->
