<?xml version="1.0" encoding="UTF-8"?>
<!-- Generated by org.testng.reporters.JUnitReportReporter -->
<testsuite hostname="DESKTOP-6891DEK" failures="0" tests="4" name="pravinParab.frameWorks.frameWork4_takeScreenShot" time="62.154" errors="0" timestamp="04 Jan 2023 11:29:06 GMT" skipped="0">
  <testcase classname="pravinParab.frameWorks.frameWork4_takeScreenShot" name="submitOrder" time="19.005"/>
  <testcase classname="pravinParab.frameWorks.frameWork4_takeScreenShot" name="submitOrder" time="19.023"/>
  <testcase classname="pravinParab.frameWorks.frameWork4_takeScreenShot" name="OrderHistoryTest" time="20.019"/>
  <testcase classname="pravinParab.frameWorks.frameWork4_takeScreenShot" name="OrderHistoryTest" time="4.107"/>
</testsuite> <!-- pravinParab.frameWorks.frameWork4_takeScreenShot -->
