<?xml version="1.0" encoding="UTF-8"?>
<!-- Generated by org.testng.reporters.JUnitReportReporter -->
<testsuite hostname="DESKTOP-6891DEK" failures="0" tests="4" name="pravinParab.frameWorks.frameWork4_jsonFile" time="64.401" errors="0" timestamp="04 Jan 2023 11:29:06 GMT" skipped="0">
  <testcase classname="pravinParab.frameWorks.frameWork4_jsonFile" name="OrderHistoryTest" time="21.118"/>
  <testcase classname="pravinParab.frameWorks.frameWork4_jsonFile" name="submitOrder" time="19.475"/>
  <testcase classname="pravinParab.frameWorks.frameWork4_jsonFile" name="submitOrder" time="19.300"/>
  <testcase classname="pravinParab.frameWorks.frameWork4_jsonFile" name="OrderHistoryTest" time="4.508"/>
</testsuite> <!-- pravinParab.frameWorks.frameWork4_jsonFile -->
