<?xml version="1.0" encoding="UTF-8"?>
<!-- Generated by org.testng.reporters.JUnitReportReporter -->
<testsuite hostname="DESKTOP-6891DEK" failures="0" tests="4" name="pravinParab.frameWorks.frameWork4_DataProvider" time="79.095" errors="0" timestamp="04 Jan 2023 11:29:06 GMT" skipped="0">
  <testcase classname="pravinParab.frameWorks.frameWork4_DataProvider" name="submitOrder" time="35.166"/>
  <testcase classname="pravinParab.frameWorks.frameWork4_DataProvider" name="submitOrder" time="18.815"/>
  <testcase classname="pravinParab.frameWorks.frameWork4_DataProvider" name="OrderHistoryTest" time="4.108"/>
  <testcase classname="pravinParab.frameWorks.frameWork4_DataProvider" name="OrderHistoryTest" time="21.006"/>
</testsuite> <!-- pravinParab.frameWorks.frameWork4_DataProvider -->
