<?xml version="1.0" encoding="UTF-8"?>
<!-- Generated by org.testng.reporters.JUnitReportReporter -->
<testsuite hostname="DESKTOP-6891DEK" failures="0" tests="4" name="pravinParab.frameWorks.frameWork4_HashMap" time="78.468" errors="0" timestamp="04 Jan 2023 11:29:06 GMT" skipped="2">
  <testcase classname="pravinParab.frameWorks.frameWork4_HashMap" name="submitOrder" time="35.759"/>
  <testcase classname="pravinParab.frameWorks.frameWork4_HashMap" name="OrderHistoryTest" time="0.000">
    <skipped/>
  </testcase> <!-- OrderHistoryTest -->
  <testcase classname="pravinParab.frameWorks.frameWork4_HashMap" name="submitOrder" time="7.640">
    <skipped/>
  </testcase> <!-- submitOrder -->
  <testcase classname="pravinParab.frameWorks.frameWork4_HashMap" name="submitOrder" time="35.069"/>
</testsuite> <!-- pravinParab.frameWorks.frameWork4_HashMap -->
