<?xml version="1.0" encoding="UTF-8"?>
<!-- Generated by org.testng.reporters.JUnitReportReporter -->
<testsuite hostname="DESKTOP-6891DEK" failures="0" tests="2" name="pravinParab.frameWorks.frameWork3_DependencyAttribute" time="46.451" errors="0" timestamp="04 Jan 2023 11:29:06 GMT" skipped="0">
  <testcase classname="pravinParab.frameWorks.frameWork3_DependencyAttribute" name="OrderHistoryTest" time="5.711"/>
  <testcase classname="pravinParab.frameWorks.frameWork3_DependencyAttribute" name="submitOrder" time="40.740"/>
</testsuite> <!-- pravinParab.frameWorks.frameWork3_DependencyAttribute -->
